<?xml version="1.0" encoding="UTF-8"?>
<testng-results ignored="0" total="1" passed="1" failed="0" skipped="0">
  <reporter-output>
  </reporter-output>
  <suite started-at="2024-02-27T12:56:07 IST" name="Default suite" finished-at="2024-02-27T12:56:07 IST" duration-ms="47">
    <groups>
    </groups>
    <test started-at="2024-02-27T12:56:07 IST" name="Default test" finished-at="2024-02-27T12:56:07 IST" duration-ms="47">
      <class name="seleium.Testng_demo">
        <test-method signature="m1()[pri:0, instance:seleium.Testng_demo@3349e9bb]" started-at="2024-02-27T12:56:07 IST" name="m1" finished-at="2024-02-27T12:56:07 IST" duration-ms="7" status="PASS">
          <reporter-output>
          </reporter-output>
        </test-method> <!-- m1 -->
      </class> <!-- seleium.Testng_demo -->
    </test> <!-- Default test -->
  </suite> <!-- Default suite -->
</testng-results>
